2026-06-24 13:04:16 INFO  BaseClass:25 - ===============  Test Execution Started ==============
2026-06-24 13:04:20 INFO  BaseClass:29 - ==================== application opned =======================
2026-06-24 13:04:21 INFO  BaseClass:20 - ====== user is on login page======
2026-06-24 13:04:21 INFO  BaseClass:22 - 
2026-06-24 13:04:21 INFO  BaseClass:34 - ======== browser closed ================
2026-06-24 13:04:21 INFO  BaseClass:36 - ============= execution completed ===========
2026-06-24 13:05:00 INFO  BaseClass:25 - ===============  Test Execution Started ==============
2026-06-24 13:05:03 INFO  BaseClass:29 - ==================== application opned =======================
2026-06-24 13:05:03 INFO  BaseClass:20 - ====== user is on login page======
2026-06-24 13:05:04 INFO  BaseClass:22 - Login successful
2026-06-24 13:05:04 INFO  BaseClass:34 - ======== browser closed ================
2026-06-24 13:05:04 INFO  BaseClass:36 - ============= execution completed ===========
2026-06-24 19:43:43 INFO  BaseClass:25 - ===============  Test Execution Started ==============
2026-06-24 19:43:47 INFO  BaseClass:29 - ==================== application opned =======================
2026-06-24 19:43:47 INFO  BaseClass:20 - ====== user is on login page======
2026-06-24 19:43:48 INFO  BaseClass:22 - Login successful
2026-06-24 19:43:48 INFO  BaseClass:34 - ======== browser closed ================
2026-06-24 19:43:48 INFO  BaseClass:36 - ============= execution completed ===========
2026-06-24 19:58:00 INFO  BaseClass:25 - ===============  Test Execution Started ==============
2026-06-24 19:58:03 INFO  BaseClass:29 - ==================== application opned =======================
2026-06-24 19:58:03 INFO  BaseClass:20 - ====== user is on login page======
2026-06-24 19:58:04 INFO  BaseClass:22 - Login successful
2026-06-24 19:58:04 INFO  BaseClass:25 - ====== add item to cart ==========
2026-06-24 19:58:04 INFO  BaseClass:34 - ======== browser closed ================
2026-06-24 19:58:04 INFO  BaseClass:36 - ============= execution completed ===========
2026-06-24 19:58:55 INFO  BaseClass:25 - ===============  Test Execution Started ==============
2026-06-24 19:58:58 INFO  BaseClass:29 - ==================== application opned =======================
2026-06-24 19:58:58 INFO  BaseClass:20 - ====== user is on login page======
2026-06-24 19:58:59 INFO  BaseClass:22 - Login successful
2026-06-24 19:58:59 INFO  BaseClass:25 - ====== add item to cart ==========
2026-06-24 19:58:59 INFO  BaseClass:34 - ======== browser closed ================
2026-06-24 19:58:59 INFO  BaseClass:36 - ============= execution completed ===========
2026-06-24 20:00:20 INFO  BaseClass:25 - ===============  Test Execution Started ==============
2026-06-24 20:00:22 INFO  BaseClass:29 - ==================== application opned =======================
2026-06-24 20:00:23 INFO  BaseClass:20 - ====== user is on login page======
2026-06-24 20:00:23 INFO  BaseClass:22 - Login successful
2026-06-24 20:00:23 INFO  BaseClass:25 - ====== add item to cart ==========
2026-06-24 20:00:24 INFO  BaseClass:27 - view cart cart
2026-06-24 20:00:24 INFO  BaseClass:34 - ======== browser closed ================
2026-06-24 20:00:24 INFO  BaseClass:36 - ============= execution completed ===========
2026-06-24 20:04:17 INFO  BaseClass:25 - ===============  Test Execution Started ==============
2026-06-24 20:04:20 INFO  BaseClass:29 - ==================== application opned =======================
2026-06-24 20:04:20 INFO  BaseClass:20 - ====== user is on login page======
2026-06-24 20:04:21 INFO  BaseClass:22 - Login successful
2026-06-24 20:04:21 INFO  BaseClass:34 - ======== browser closed ================
2026-06-24 20:04:21 INFO  BaseClass:36 - ============= execution completed ===========
2026-06-24 20:04:21 INFO  BaseClass:25 - ===============  Test Execution Started ==============
2026-06-24 20:04:24 INFO  BaseClass:29 - ==================== application opned =======================
2026-06-24 20:04:24 INFO  BaseClass:20 - ====== user is on login page======
2026-06-24 20:04:24 INFO  BaseClass:22 - Login successful
2026-06-24 20:04:24 INFO  BaseClass:25 - ====== add item to cart ==========
2026-06-24 20:04:25 INFO  BaseClass:27 - view cart cart
2026-06-24 20:04:25 INFO  BaseClass:34 - ======== browser closed ================
2026-06-24 20:04:25 INFO  BaseClass:36 - ============= execution completed ===========
2026-06-24 20:05:14 INFO  BaseClass:25 - ===============  Test Execution Started ==============
2026-06-24 20:05:17 INFO  BaseClass:29 - ==================== application opned =======================
2026-06-24 20:05:17 INFO  BaseClass:20 - ====== user is on login page======
2026-06-24 20:05:18 INFO  BaseClass:22 - Login successful
2026-06-24 20:05:18 INFO  BaseClass:34 - ======== browser closed ================
2026-06-24 20:05:19 INFO  BaseClass:36 - ============= execution completed ===========
2026-06-24 20:05:19 INFO  BaseClass:25 - ===============  Test Execution Started ==============
2026-06-24 20:05:21 INFO  BaseClass:29 - ==================== application opned =======================
2026-06-24 20:05:21 INFO  BaseClass:20 - ====== user is on login page======
2026-06-24 20:05:21 INFO  BaseClass:22 - Login successful
2026-06-24 20:05:21 INFO  BaseClass:25 - ====== add item to cart ==========
2026-06-24 20:05:22 INFO  BaseClass:27 - view cart cart
2026-06-24 20:05:22 INFO  BaseClass:34 - ======== browser closed ================
2026-06-24 20:05:22 INFO  BaseClass:36 - ============= execution completed ===========
2026-06-25 11:34:43 INFO  BaseClass:28 - ===============  Test Execution Started ==============
2026-06-25 11:34:47 INFO  BaseClass:34 - ==================== application opned =======================
2026-06-25 11:34:47 INFO  BaseClass:20 - ====== user is on login page======
2026-06-25 11:34:48 INFO  BaseClass:22 - Login successful
2026-06-25 11:34:48 INFO  BaseClass:39 - ======== browser closed ================
2026-06-25 11:34:49 INFO  BaseClass:41 - ============= execution completed ===========
2026-06-25 11:34:49 INFO  BaseClass:28 - ===============  Test Execution Started ==============
2026-06-25 11:34:51 INFO  BaseClass:34 - ==================== application opned =======================
2026-06-25 11:34:51 INFO  BaseClass:20 - ====== user is on login page======
2026-06-25 11:34:52 INFO  BaseClass:22 - Login successful
2026-06-25 11:34:52 INFO  BaseClass:25 - ====== add item to cart ==========
2026-06-25 11:34:52 INFO  BaseClass:27 - view cart cart
2026-06-25 11:34:52 INFO  BaseClass:39 - ======== browser closed ================
2026-06-25 11:34:52 INFO  BaseClass:41 - ============= execution completed ===========
2026-06-25 11:36:00 INFO  BaseClass:28 - ===============  Test Execution Started ==============
2026-06-25 11:36:03 INFO  BaseClass:34 - ==================== application opned =======================
2026-06-25 11:36:04 INFO  BaseClass:20 - ====== user is on login page======
2026-06-25 11:36:04 INFO  BaseClass:22 - Login successful
2026-06-25 11:36:04 INFO  BaseClass:39 - ======== browser closed ================
2026-06-25 11:36:05 INFO  BaseClass:41 - ============= execution completed ===========
2026-06-25 11:36:05 INFO  BaseClass:28 - ===============  Test Execution Started ==============
2026-06-25 11:36:07 INFO  BaseClass:34 - ==================== application opned =======================
2026-06-25 11:36:07 INFO  BaseClass:20 - ====== user is on login page======
2026-06-25 11:36:08 INFO  BaseClass:22 - Login successful
2026-06-25 11:36:08 INFO  BaseClass:25 - ====== add item to cart ==========
2026-06-25 11:36:08 INFO  BaseClass:27 - view cart cart
2026-06-25 11:36:08 INFO  BaseClass:39 - ======== browser closed ================
2026-06-25 11:36:08 INFO  BaseClass:41 - ============= execution completed ===========
2026-06-25 11:48:35 INFO  BaseClass:28 - ===============  Test Execution Started ==============
2026-06-25 11:48:39 INFO  BaseClass:34 - ==================== application opned =======================
2026-06-25 11:48:39 INFO  BaseClass:20 - ====== user is on login page======
2026-06-25 11:48:40 INFO  BaseClass:22 - Login successful
2026-06-25 11:48:40 INFO  BaseClass:39 - ======== browser closed ================
2026-06-25 11:48:41 INFO  BaseClass:41 - ============= execution completed ===========
2026-06-25 11:48:41 INFO  BaseClass:28 - ===============  Test Execution Started ==============
2026-06-25 11:48:43 INFO  BaseClass:34 - ==================== application opned =======================
2026-06-25 11:48:43 INFO  BaseClass:20 - ====== user is on login page======
2026-06-25 11:48:43 INFO  BaseClass:22 - Login successful
2026-06-25 11:48:43 INFO  BaseClass:25 - ====== add item to cart ==========
2026-06-25 11:48:44 INFO  BaseClass:27 - view cart cart
2026-06-25 11:48:44 INFO  BaseClass:39 - ======== browser closed ================
2026-06-25 11:48:44 INFO  BaseClass:41 - ============= execution completed ===========
2026-06-25 11:48:44 INFO  BaseClass:28 - ===============  Test Execution Started ==============
2026-06-25 11:48:47 INFO  BaseClass:34 - ==================== application opned =======================
2026-06-25 11:48:47 INFO  BaseClass:21 - ====== user is on login page======
2026-06-25 11:48:48 INFO  BaseClass:23 - Login successful
2026-06-25 11:48:48 INFO  BaseClass:26 - ====== add item to cart ==========
2026-06-25 11:48:49 INFO  BaseClass:28 - view cart cart
2026-06-25 11:48:49 INFO  BaseClass:39 - ======== browser closed ================
2026-06-25 11:48:49 INFO  BaseClass:41 - ============= execution completed ===========
2026-06-25 11:49:30 INFO  BaseClass:28 - ===============  Test Execution Started ==============
2026-06-25 11:49:33 INFO  BaseClass:34 - ==================== application opned =======================
2026-06-25 11:49:33 INFO  BaseClass:20 - ====== user is on login page======
2026-06-25 11:49:34 INFO  BaseClass:22 - Login successful
2026-06-25 11:49:34 INFO  BaseClass:39 - ======== browser closed ================
2026-06-25 11:49:35 INFO  BaseClass:41 - ============= execution completed ===========
2026-06-25 11:49:35 INFO  BaseClass:28 - ===============  Test Execution Started ==============
2026-06-25 11:49:37 INFO  BaseClass:34 - ==================== application opned =======================
2026-06-25 11:49:37 INFO  BaseClass:20 - ====== user is on login page======
2026-06-25 11:49:38 INFO  BaseClass:22 - Login successful
2026-06-25 11:49:38 INFO  BaseClass:25 - ====== add item to cart ==========
2026-06-25 11:49:38 INFO  BaseClass:27 - view cart cart
2026-06-25 11:49:38 INFO  BaseClass:39 - ======== browser closed ================
2026-06-25 11:49:49 INFO  BaseClass:41 - ============= execution completed ===========
2026-06-25 11:49:49 INFO  BaseClass:28 - ===============  Test Execution Started ==============
2026-06-25 11:49:51 INFO  BaseClass:34 - ==================== application opned =======================
2026-06-25 11:49:51 INFO  BaseClass:21 - ====== user is on login page======
2026-06-25 11:49:52 INFO  BaseClass:23 - Login successful
2026-06-25 11:49:52 INFO  BaseClass:26 - ====== add item to cart ==========
2026-06-25 11:49:53 INFO  BaseClass:28 - view cart cart
2026-06-25 11:50:08 INFO  BaseClass:39 - ======== browser closed ================
2026-06-25 11:50:08 INFO  BaseClass:41 - ============= execution completed ===========
2026-06-25 11:50:49 INFO  BaseClass:28 - ===============  Test Execution Started ==============
2026-06-25 11:50:52 INFO  BaseClass:34 - ==================== application opned =======================
2026-06-25 11:50:52 INFO  BaseClass:20 - ====== user is on login page======
2026-06-25 11:50:53 INFO  BaseClass:22 - Login successful
2026-06-25 11:50:53 INFO  BaseClass:39 - ======== browser closed ================
2026-06-25 11:50:53 INFO  BaseClass:41 - ============= execution completed ===========
2026-06-25 11:50:53 INFO  BaseClass:28 - ===============  Test Execution Started ==============
2026-06-25 11:50:55 INFO  BaseClass:34 - ==================== application opned =======================
2026-06-25 11:50:55 INFO  BaseClass:20 - ====== user is on login page======
2026-06-25 11:50:56 INFO  BaseClass:22 - Login successful
2026-06-25 11:50:56 INFO  BaseClass:25 - ====== add item to cart ==========
2026-06-25 11:50:56 INFO  BaseClass:27 - view cart cart
2026-06-25 11:50:56 INFO  BaseClass:39 - ======== browser closed ================
2026-06-25 11:50:57 INFO  BaseClass:41 - ============= execution completed ===========
2026-06-25 11:50:57 INFO  BaseClass:28 - ===============  Test Execution Started ==============
2026-06-25 11:50:59 INFO  BaseClass:34 - ==================== application opned =======================
2026-06-25 11:50:59 INFO  BaseClass:21 - ====== user is on login page======
2026-06-25 11:51:00 INFO  BaseClass:23 - Login successful
2026-06-25 11:51:00 INFO  BaseClass:26 - ====== add item to cart ==========
2026-06-25 11:51:00 INFO  BaseClass:28 - view cart cart
2026-06-25 11:51:15 INFO  BaseClass:39 - ======== browser closed ================
2026-06-25 11:51:16 INFO  BaseClass:41 - ============= execution completed ===========
2026-06-25 11:54:26 INFO  BaseClass:28 - ===============  Test Execution Started ==============
2026-06-25 11:54:29 INFO  BaseClass:34 - ==================== application opned =======================
2026-06-25 11:54:29 INFO  BaseClass:20 - ====== user is on login page======
2026-06-25 11:54:30 INFO  BaseClass:22 - Login successful
2026-06-25 11:54:30 INFO  BaseClass:39 - ======== browser closed ================
2026-06-25 11:54:30 INFO  BaseClass:41 - ============= execution completed ===========
2026-06-25 11:54:30 INFO  BaseClass:28 - ===============  Test Execution Started ==============
2026-06-25 11:54:33 INFO  BaseClass:34 - ==================== application opned =======================
2026-06-25 11:54:33 INFO  BaseClass:20 - ====== user is on login page======
2026-06-25 11:54:33 INFO  BaseClass:22 - Login successful
2026-06-25 11:54:33 INFO  BaseClass:25 - ====== add item to cart ==========
2026-06-25 11:54:34 INFO  BaseClass:27 - view cart cart
2026-06-25 11:54:34 INFO  BaseClass:39 - ======== browser closed ================
2026-06-25 11:54:34 INFO  BaseClass:41 - ============= execution completed ===========
2026-06-25 11:54:34 INFO  BaseClass:28 - ===============  Test Execution Started ==============
2026-06-25 11:54:36 INFO  BaseClass:34 - ==================== application opned =======================
2026-06-25 11:54:36 INFO  BaseClass:21 - ====== user is on login page======
2026-06-25 11:54:37 INFO  BaseClass:23 - Login successful
2026-06-25 11:54:37 INFO  BaseClass:26 - ====== add item to cart ==========
2026-06-25 11:54:37 INFO  BaseClass:28 - view cart cart
2026-06-25 11:54:53 INFO  BaseClass:39 - ======== browser closed ================
2026-06-25 11:54:53 INFO  BaseClass:41 - ============= execution completed ===========
2026-06-25 12:06:33 INFO  BaseClass:28 - ===============  Test Execution Started ==============
2026-06-25 12:06:37 INFO  BaseClass:34 - ==================== application opned =======================
2026-06-25 12:06:37 INFO  BaseClass:20 - ====== user is on login page======
2026-06-25 12:06:38 INFO  BaseClass:22 - Login successful
2026-06-25 12:06:38 INFO  BaseClass:39 - ======== browser closed ================
2026-06-25 12:06:38 INFO  BaseClass:41 - ============= execution completed ===========
2026-06-25 12:06:38 INFO  BaseClass:28 - ===============  Test Execution Started ==============
2026-06-25 12:06:40 INFO  BaseClass:34 - ==================== application opned =======================
2026-06-25 12:06:42 INFO  BaseClass:39 - ======== browser closed ================
2026-06-25 12:06:42 INFO  BaseClass:41 - ============= execution completed ===========
2026-06-25 12:06:42 INFO  BaseClass:28 - ===============  Test Execution Started ==============
2026-06-25 12:06:45 INFO  BaseClass:34 - ==================== application opned =======================
2026-06-25 12:06:45 INFO  BaseClass:20 - ====== user is on login page ======
2026-06-25 12:06:45 INFO  BaseClass:24 - Login successful
2026-06-25 12:06:45 INFO  BaseClass:28 - ====== add item to cart ==========
2026-06-25 12:06:46 INFO  BaseClass:36 - Cart page opened successfully
2026-06-25 12:06:46 INFO  BaseClass:46 - Checkout page opened successfully
2026-06-25 12:06:46 INFO  BaseClass:39 - ======== browser closed ================
2026-06-25 12:06:46 INFO  BaseClass:41 - ============= execution completed ===========
2026-06-25 12:11:48 INFO  BaseClass:28 - ===============  Test Execution Started ==============
2026-06-25 12:11:51 INFO  BaseClass:34 - ==================== application opned =======================
2026-06-25 12:11:52 INFO  BaseClass:20 - ====== user is on login page======
2026-06-25 12:11:52 INFO  BaseClass:22 - Login successful
2026-06-25 12:11:52 INFO  BaseClass:39 - ======== browser closed ================
2026-06-25 12:11:53 INFO  BaseClass:41 - ============= execution completed ===========
2026-06-25 12:11:53 INFO  BaseClass:28 - ===============  Test Execution Started ==============
2026-06-25 12:11:55 INFO  BaseClass:34 - ==================== application opned =======================
2026-06-25 12:12:06 INFO  BaseClass:39 - ======== browser closed ================
2026-06-25 12:12:07 INFO  BaseClass:41 - ============= execution completed ===========
2026-06-25 12:12:07 INFO  BaseClass:28 - ===============  Test Execution Started ==============
2026-06-25 12:12:09 INFO  BaseClass:34 - ==================== application opned =======================
2026-06-25 12:12:09 INFO  BaseClass:20 - ====== user is on login page ======
2026-06-25 12:12:10 INFO  BaseClass:24 - Login successful
2026-06-25 12:12:10 INFO  BaseClass:28 - ====== add item to cart ==========
2026-06-25 12:12:20 INFO  BaseClass:36 - Cart page opened successfully
2026-06-25 12:12:31 INFO  BaseClass:46 - Checkout page opened successfully
2026-06-25 12:12:31 INFO  BaseClass:39 - ======== browser closed ================
2026-06-25 12:12:31 INFO  BaseClass:41 - ============= execution completed ===========
2026-06-25 12:20:08 INFO  BaseClass:28 - ===============  Test Execution Started ==============
2026-06-25 12:20:11 INFO  BaseClass:34 - ==================== application opned =======================
2026-06-25 12:20:11 INFO  BaseClass:20 - ====== user is on login page======
2026-06-25 12:20:12 INFO  BaseClass:22 - Login successful
2026-06-25 12:20:12 INFO  BaseClass:39 - ======== browser closed ================
2026-06-25 12:20:13 INFO  BaseClass:41 - ============= execution completed ===========
2026-06-25 12:20:13 INFO  BaseClass:28 - ===============  Test Execution Started ==============
2026-06-25 12:20:15 INFO  BaseClass:34 - ==================== application opned =======================
2026-06-25 12:20:26 INFO  BaseClass:39 - ======== browser closed ================
2026-06-25 12:20:28 INFO  BaseClass:41 - ============= execution completed ===========
2026-06-25 12:20:28 INFO  BaseClass:28 - ===============  Test Execution Started ==============
2026-06-25 12:20:31 INFO  BaseClass:34 - ==================== application opned =======================
2026-06-25 12:20:31 INFO  BaseClass:20 - ====== user is on login page ======
2026-06-25 12:20:31 INFO  BaseClass:24 - Login successful
2026-06-25 12:20:31 INFO  BaseClass:28 - ====== add item to cart ==========
2026-06-25 12:20:42 INFO  BaseClass:36 - Cart page opened successfully
2026-06-25 12:20:52 INFO  BaseClass:46 - Checkout page opened successfully
2026-06-25 12:20:52 INFO  BaseClass:39 - ======== browser closed ================
2026-06-25 12:20:53 INFO  BaseClass:41 - ============= execution completed ===========
2026-06-25 12:20:53 INFO  BaseClass:28 - ===============  Test Execution Started ==============
2026-06-25 12:20:54 INFO  BaseClass:34 - ==================== application opned =======================
2026-06-25 12:20:54 INFO  BaseClass:21 - ====== User is on Login Page ======
2026-06-25 12:20:55 INFO  BaseClass:25 - Login Successful
2026-06-25 12:21:06 INFO  BaseClass:30 - Product Added To Cart
2026-06-25 12:21:16 INFO  BaseClass:35 - Checkout Button Clicked
2026-06-25 12:21:17 INFO  BaseClass:41 - Checkout Information Entered
2026-06-25 12:21:17 INFO  BaseClass:47 - Checkout Overview Page Opened Successfully
2026-06-25 12:21:17 INFO  BaseClass:39 - ======== browser closed ================
2026-06-25 12:21:17 INFO  BaseClass:41 - ============= execution completed ===========
2026-06-25 12:40:54 INFO  BaseClass:28 - ===============  Test Execution Started ==============
2026-06-25 12:40:58 INFO  BaseClass:34 - ==================== application opned =======================
2026-06-25 12:40:58 INFO  BaseClass:20 - ====== user is on login page======
2026-06-25 12:40:59 INFO  BaseClass:22 - Login successful
2026-06-25 12:40:59 INFO  BaseClass:39 - ======== browser closed ================
2026-06-25 12:41:00 INFO  BaseClass:41 - ============= execution completed ===========
2026-06-25 12:41:00 INFO  BaseClass:28 - ===============  Test Execution Started ==============
2026-06-25 12:41:02 INFO  BaseClass:34 - ==================== application opned =======================
2026-06-25 12:41:13 INFO  BaseClass:39 - ======== browser closed ================
2026-06-25 12:41:14 INFO  BaseClass:41 - ============= execution completed ===========
2026-06-25 12:41:14 INFO  BaseClass:28 - ===============  Test Execution Started ==============
2026-06-25 12:41:16 INFO  BaseClass:34 - ==================== application opned =======================
2026-06-25 12:41:16 INFO  BaseClass:20 - ====== user is on login page ======
2026-06-25 12:41:17 INFO  BaseClass:24 - Login successful
2026-06-25 12:41:17 INFO  BaseClass:28 - ====== add item to cart ==========
2026-06-25 12:41:27 INFO  BaseClass:36 - Cart page opened successfully
2026-06-25 12:41:38 INFO  BaseClass:46 - Checkout page opened successfully
2026-06-25 12:41:38 INFO  BaseClass:39 - ======== browser closed ================
2026-06-25 12:41:38 INFO  BaseClass:41 - ============= execution completed ===========
2026-06-25 12:41:38 INFO  BaseClass:28 - ===============  Test Execution Started ==============
2026-06-25 12:41:41 INFO  BaseClass:34 - ==================== application opned =======================
2026-06-25 12:41:41 INFO  BaseClass:21 - ====== User is on Login Page ======
2026-06-25 12:41:41 INFO  BaseClass:25 - Login Successful
2026-06-25 12:41:52 INFO  BaseClass:30 - Product Added To Cart
2026-06-25 12:42:11 INFO  BaseClass:35 - Checkout Button Clicked
2026-06-25 12:42:12 INFO  BaseClass:41 - Checkout Information Entered
2026-06-25 12:42:12 INFO  BaseClass:47 - Checkout Overview Page Opened Successfully
2026-06-25 12:42:12 INFO  BaseClass:39 - ======== browser closed ================
2026-06-25 12:42:12 INFO  BaseClass:41 - ============= execution completed ===========
2026-06-25 12:42:12 INFO  BaseClass:28 - ===============  Test Execution Started ==============
2026-06-25 12:42:14 INFO  BaseClass:34 - ==================== application opned =======================
2026-06-25 12:42:14 INFO  BaseClass:22 - ====== User is on Login Page ======
2026-06-25 12:42:15 INFO  BaseClass:26 - Login Successful
2026-06-25 12:42:26 INFO  BaseClass:31 - Product Added To Cart
2026-06-25 12:42:36 INFO  BaseClass:36 - Checkout Button Clicked
2026-06-25 12:42:37 INFO  BaseClass:42 - Checkout Information Entered
2026-06-25 12:42:37 INFO  BaseClass:48 - Checkout Overview Page Opened Successfully
2026-06-25 12:42:37 INFO  BaseClass:39 - ======== browser closed ================
2026-06-25 12:42:37 INFO  BaseClass:41 - ============= execution completed ===========
2026-06-25 12:44:42 INFO  BaseClass:28 - ===============  Test Execution Started ==============
2026-06-25 12:44:45 INFO  BaseClass:34 - ==================== application opned =======================
2026-06-25 12:44:45 INFO  BaseClass:20 - ====== user is on login page======
2026-06-25 12:44:46 INFO  BaseClass:22 - Login successful
2026-06-25 12:44:46 INFO  BaseClass:39 - ======== browser closed ================
2026-06-25 12:44:47 INFO  BaseClass:41 - ============= execution completed ===========
2026-06-25 12:44:47 INFO  BaseClass:28 - ===============  Test Execution Started ==============
2026-06-25 12:44:49 INFO  BaseClass:34 - ==================== application opned =======================
2026-06-25 12:44:56 INFO  BaseClass:39 - ======== browser closed ================
2026-06-25 12:44:57 INFO  BaseClass:41 - ============= execution completed ===========
2026-06-25 12:44:57 INFO  BaseClass:28 - ===============  Test Execution Started ==============
2026-06-25 12:44:59 INFO  BaseClass:34 - ==================== application opned =======================
2026-06-25 12:44:59 INFO  BaseClass:20 - ====== user is on login page ======
2026-06-25 12:45:00 INFO  BaseClass:24 - Login successful
2026-06-25 12:45:00 INFO  BaseClass:28 - ====== add item to cart ==========
2026-06-25 12:45:06 INFO  BaseClass:36 - Cart page opened successfully
2026-06-25 12:45:13 INFO  BaseClass:46 - Checkout page opened successfully
2026-06-25 12:45:13 INFO  BaseClass:39 - ======== browser closed ================
2026-06-25 12:45:13 INFO  BaseClass:41 - ============= execution completed ===========
2026-06-25 12:45:13 INFO  BaseClass:28 - ===============  Test Execution Started ==============
2026-06-25 12:45:15 INFO  BaseClass:34 - ==================== application opned =======================
2026-06-25 12:45:15 INFO  BaseClass:21 - ====== User is on Login Page ======
2026-06-25 12:45:16 INFO  BaseClass:25 - Login Successful
2026-06-25 12:45:23 INFO  BaseClass:30 - Product Added To Cart
2026-06-25 12:45:29 INFO  BaseClass:35 - Checkout Button Clicked
2026-06-25 12:45:30 INFO  BaseClass:41 - Checkout Information Entered
2026-06-25 12:45:30 INFO  BaseClass:47 - Checkout Overview Page Opened Successfully
2026-06-25 12:45:30 INFO  BaseClass:39 - ======== browser closed ================
2026-06-25 12:45:30 INFO  BaseClass:41 - ============= execution completed ===========
2026-06-25 12:45:30 INFO  BaseClass:28 - ===============  Test Execution Started ==============
2026-06-25 12:45:32 INFO  BaseClass:34 - ==================== application opned =======================
2026-06-25 12:45:32 INFO  BaseClass:22 - ====== User is on Login Page ======
2026-06-25 12:45:33 INFO  BaseClass:26 - Login Successful
2026-06-25 12:45:40 INFO  BaseClass:31 - Product Added To Cart
2026-06-25 12:45:46 INFO  BaseClass:36 - Checkout Button Clicked
2026-06-25 12:45:47 INFO  BaseClass:42 - Checkout Information Entered
2026-06-25 12:45:47 INFO  BaseClass:48 - Checkout Overview Page Opened Successfully
2026-06-25 12:45:50 INFO  BaseClass:39 - ======== browser closed ================
2026-06-25 12:45:51 INFO  BaseClass:41 - ============= execution completed ===========
2026-06-25 13:07:09 INFO  BaseClass:28 - ===============  Test Execution Started ==============
2026-06-25 13:07:12 INFO  BaseClass:34 - ==================== application opned =======================
2026-06-25 13:07:13 INFO  BaseClass:20 - ====== user is on login page======
2026-06-25 13:07:14 INFO  BaseClass:22 - Login successful
2026-06-25 13:07:14 INFO  BaseClass:39 - ======== browser closed ================
2026-06-25 13:07:14 INFO  BaseClass:41 - ============= execution completed ===========
2026-06-25 13:07:14 INFO  BaseClass:28 - ===============  Test Execution Started ==============
2026-06-25 13:07:16 INFO  BaseClass:34 - ==================== application opned =======================
2026-06-25 13:07:23 INFO  BaseClass:39 - ======== browser closed ================
2026-06-25 13:07:23 INFO  BaseClass:41 - ============= execution completed ===========
2026-06-25 13:07:23 INFO  BaseClass:28 - ===============  Test Execution Started ==============
2026-06-25 13:07:25 INFO  BaseClass:34 - ==================== application opned =======================
2026-06-25 13:07:25 INFO  BaseClass:20 - ====== user is on login page ======
2026-06-25 13:07:26 INFO  BaseClass:24 - Login successful
2026-06-25 13:07:26 INFO  BaseClass:28 - ====== add item to cart ==========
2026-06-25 13:07:33 INFO  BaseClass:36 - Cart page opened successfully
2026-06-25 13:07:39 INFO  BaseClass:46 - Checkout page opened successfully
2026-06-25 13:07:39 INFO  BaseClass:39 - ======== browser closed ================
2026-06-25 13:07:39 INFO  BaseClass:41 - ============= execution completed ===========
2026-06-25 13:07:39 INFO  BaseClass:28 - ===============  Test Execution Started ==============
2026-06-25 13:07:41 INFO  BaseClass:34 - ==================== application opned =======================
2026-06-25 13:07:41 INFO  BaseClass:21 - ====== User is on Login Page ======
2026-06-25 13:07:42 INFO  BaseClass:25 - Login Successful
2026-06-25 13:07:48 INFO  BaseClass:30 - Product Added To Cart
2026-06-25 13:07:55 INFO  BaseClass:35 - Checkout Button Clicked
2026-06-25 13:07:55 INFO  BaseClass:41 - Checkout Information Entered
2026-06-25 13:07:55 INFO  BaseClass:47 - Checkout Overview Page Opened Successfully
2026-06-25 13:07:55 INFO  BaseClass:39 - ======== browser closed ================
2026-06-25 13:07:56 INFO  BaseClass:41 - ============= execution completed ===========
2026-06-25 13:07:56 INFO  BaseClass:28 - ===============  Test Execution Started ==============
2026-06-25 13:07:58 INFO  BaseClass:34 - ==================== application opned =======================
2026-06-25 13:08:15 INFO  BaseClass:54 - Order Placed Successfully
2026-06-25 13:08:15 INFO  BaseClass:39 - ======== browser closed ================
2026-06-25 13:08:16 INFO  BaseClass:41 - ============= execution completed ===========
2026-06-25 13:08:16 INFO  BaseClass:28 - ===============  Test Execution Started ==============
2026-06-25 13:08:18 INFO  BaseClass:34 - ==================== application opned =======================
2026-06-25 13:08:36 INFO  BaseClass:55 - Order Placed Successfully
2026-06-25 13:08:36 INFO  BaseClass:39 - ======== browser closed ================
2026-06-25 13:08:37 INFO  BaseClass:41 - ============= execution completed ===========
2026-06-25 13:08:37 INFO  BaseClass:28 - ===============  Test Execution Started ==============
2026-06-25 13:08:39 INFO  BaseClass:34 - ==================== application opned =======================
2026-06-25 13:09:10 INFO  BaseClass:39 - ======== browser closed ================
2026-06-25 13:09:10 INFO  BaseClass:41 - ============= execution completed ===========
2026-06-25 13:11:28 INFO  BaseClass:28 - ===============  Test Execution Started ==============
2026-06-25 13:11:31 INFO  BaseClass:34 - ==================== application opned =======================
2026-06-25 13:11:31 INFO  BaseClass:20 - ====== user is on login page======
2026-06-25 13:11:32 INFO  BaseClass:22 - Login successful
2026-06-25 13:11:32 INFO  BaseClass:39 - ======== browser closed ================
2026-06-25 13:11:32 INFO  BaseClass:41 - ============= execution completed ===========
2026-06-25 13:11:32 INFO  BaseClass:28 - ===============  Test Execution Started ==============
2026-06-25 13:11:34 INFO  BaseClass:34 - ==================== application opned =======================
2026-06-25 13:11:42 INFO  BaseClass:39 - ======== browser closed ================
2026-06-25 13:11:42 INFO  BaseClass:41 - ============= execution completed ===========
2026-06-25 13:11:42 INFO  BaseClass:28 - ===============  Test Execution Started ==============
2026-06-25 13:11:44 INFO  BaseClass:34 - ==================== application opned =======================
2026-06-25 13:11:44 INFO  BaseClass:20 - ====== user is on login page ======
2026-06-25 13:11:45 INFO  BaseClass:24 - Login successful
2026-06-25 13:11:45 INFO  BaseClass:28 - ====== add item to cart ==========
2026-06-25 13:11:51 INFO  BaseClass:36 - Cart page opened successfully
2026-06-25 13:11:58 INFO  BaseClass:46 - Checkout page opened successfully
2026-06-25 13:11:58 INFO  BaseClass:39 - ======== browser closed ================
2026-06-25 13:11:58 INFO  BaseClass:41 - ============= execution completed ===========
2026-06-25 13:11:58 INFO  BaseClass:28 - ===============  Test Execution Started ==============
2026-06-25 13:12:00 INFO  BaseClass:34 - ==================== application opned =======================
2026-06-25 13:12:00 INFO  BaseClass:21 - ====== User is on Login Page ======
2026-06-25 13:12:01 INFO  BaseClass:25 - Login Successful
2026-06-25 13:12:07 INFO  BaseClass:30 - Product Added To Cart
2026-06-25 13:12:14 INFO  BaseClass:35 - Checkout Button Clicked
2026-06-25 13:12:17 INFO  BaseClass:41 - Checkout Information Entered
2026-06-25 13:12:17 INFO  BaseClass:47 - Checkout Overview Page Opened Successfully
2026-06-25 13:12:17 INFO  BaseClass:39 - ======== browser closed ================
2026-06-25 13:12:18 INFO  BaseClass:41 - ============= execution completed ===========
2026-06-25 13:12:18 INFO  BaseClass:28 - ===============  Test Execution Started ==============
2026-06-25 13:12:19 INFO  BaseClass:34 - ==================== application opned =======================
2026-06-25 13:12:40 INFO  BaseClass:54 - Order Placed Successfully
2026-06-25 13:12:40 INFO  BaseClass:39 - ======== browser closed ================
2026-06-25 13:12:41 INFO  BaseClass:41 - ============= execution completed ===========
2026-06-25 13:12:41 INFO  BaseClass:28 - ===============  Test Execution Started ==============
2026-06-25 13:12:43 INFO  BaseClass:34 - ==================== application opned =======================
2026-06-25 13:13:04 INFO  BaseClass:55 - Order Placed Successfully
2026-06-25 13:13:08 INFO  BaseClass:39 - ======== browser closed ================
2026-06-25 13:13:08 INFO  BaseClass:41 - ============= execution completed ===========
2026-06-25 13:13:08 INFO  BaseClass:28 - ===============  Test Execution Started ==============
2026-06-25 13:13:10 INFO  BaseClass:34 - ==================== application opned =======================
2026-06-25 13:13:31 INFO  BaseClass:56 - Order Placed Successfully
2026-06-25 13:13:39 INFO  BaseClass:39 - ======== browser closed ================
2026-06-25 13:13:40 INFO  BaseClass:41 - ============= execution completed ===========
2026-06-25 14:04:57 INFO  BaseClass:28 - ===============  Test Execution Started ==============
2026-06-25 14:05:02 INFO  BaseClass:34 - ==================== application opned =======================
2026-06-25 14:05:02 INFO  BaseClass:20 - ====== user is on login page======
2026-06-25 14:05:03 INFO  BaseClass:22 - Login successful
2026-06-25 14:05:06 INFO  BaseClass:39 - ======== browser closed ================
2026-06-25 14:05:06 INFO  BaseClass:41 - ============= execution completed ===========
2026-06-25 14:10:33 INFO  BaseClass:28 - ===============  Test Execution Started ==============
2026-06-25 14:10:36 INFO  BaseClass:34 - ==================== application opned =======================
2026-06-25 14:10:37 INFO  BaseClass:20 - ====== user is on login page ======
2026-06-25 14:10:37 INFO  BaseClass:24 - Login successful
2026-06-25 14:10:53 INFO  BaseClass:39 - ======== browser closed ================
2026-06-25 14:10:54 INFO  BaseClass:41 - ============= execution completed ===========
2026-06-25 14:15:20 INFO  BaseClass:28 - ===============  Test Execution Started ==============
2026-06-25 14:15:23 INFO  BaseClass:34 - ==================== application opned =======================
2026-06-25 14:15:24 INFO  BaseClass:20 - ====== user is on login page ======
2026-06-25 14:15:24 INFO  BaseClass:24 - Login successful
2026-06-25 14:15:40 INFO  BaseClass:39 - ======== browser closed ================
2026-06-25 14:15:41 INFO  BaseClass:41 - ============= execution completed ===========
2026-06-25 14:16:57 INFO  BaseClass:28 - ===============  Test Execution Started ==============
2026-06-25 14:17:01 INFO  BaseClass:34 - ==================== application opned =======================
2026-06-25 14:17:01 INFO  BaseClass:20 - ====== user is on login page ======
2026-06-25 14:17:02 INFO  BaseClass:24 - Login successful
2026-06-25 14:17:02 INFO  BaseClass:39 - ======== browser closed ================
2026-06-25 14:17:03 INFO  BaseClass:41 - ============= execution completed ===========
2026-06-25 14:22:17 INFO  BaseClass:28 - ===============  Test Execution Started ==============
2026-06-25 14:22:20 INFO  BaseClass:34 - ==================== application opned =======================
2026-06-25 14:22:20 INFO  BaseClass:20 - ====== user is on login page ======
2026-06-25 14:22:21 INFO  BaseClass:24 - Login successful
2026-06-25 14:22:22 INFO  BaseClass:37 - Two Products Added Successfully
2026-06-25 14:22:22 INFO  BaseClass:39 - ======== browser closed ================
2026-06-25 14:22:22 INFO  BaseClass:41 - ============= execution completed ===========
2026-06-25 14:23:35 INFO  BaseClass:28 - ===============  Test Execution Started ==============
2026-06-25 14:23:38 INFO  BaseClass:34 - ==================== application opned =======================
2026-06-25 14:23:38 INFO  BaseClass:20 - ====== user is on login page ======
2026-06-25 14:23:39 INFO  BaseClass:24 - Login successful
2026-06-25 14:23:50 INFO  BaseClass:37 - Two Products Added Successfully
2026-06-25 14:23:50 INFO  BaseClass:39 - ======== browser closed ================
2026-06-25 14:23:51 INFO  BaseClass:41 - ============= execution completed ===========
2026-06-25 14:27:37 INFO  BaseClass:28 - ===============  Test Execution Started ==============
2026-06-25 14:27:40 INFO  BaseClass:34 - ==================== application opned =======================
2026-06-25 14:27:48 INFO  BaseClass:33 - Product removed successfully
2026-06-25 14:27:48 INFO  BaseClass:39 - ======== browser closed ================
2026-06-25 14:27:48 INFO  BaseClass:41 - ============= execution completed ===========
2026-06-25 14:33:09 INFO  BaseClass:28 - ===============  Test Execution Started ==============
2026-06-25 14:33:13 INFO  BaseClass:34 - ==================== application opned =======================
2026-06-25 14:33:21 INFO  BaseClass:47 - Continue shopping flow completed successfully
2026-06-25 14:33:21 INFO  BaseClass:39 - ======== browser closed ================
2026-06-25 14:33:21 INFO  BaseClass:41 - ============= execution completed ===========
2026-06-25 14:36:11 INFO  BaseClass:28 - ===============  Test Execution Started ==============
2026-06-25 14:36:14 INFO  BaseClass:34 - ==================== application opned =======================
2026-06-25 14:36:32 INFO  BaseClass:41 - Continue shopping flow completed successfully
2026-06-25 14:36:32 INFO  BaseClass:39 - ======== browser closed ================
2026-06-25 14:36:32 INFO  BaseClass:41 - ============= execution completed ===========
2026-06-25 14:38:55 INFO  BaseClass:28 - ===============  Test Execution Started ==============
2026-06-25 14:38:58 INFO  BaseClass:34 - ==================== application opned =======================
2026-06-25 14:39:07 INFO  BaseClass:41 - Continue shopping flow completed successfully
2026-06-25 14:39:07 INFO  BaseClass:39 - ======== browser closed ================
2026-06-25 14:39:07 INFO  BaseClass:41 - ============= execution completed ===========
2026-06-25 14:44:48 INFO  BaseClass:28 - ===============  Test Execution Started ==============
2026-06-25 14:44:51 INFO  BaseClass:34 - ==================== application opned =======================
2026-06-25 14:44:51 INFO  BaseClass:20 - ====== user is on login page======
2026-06-25 14:44:52 INFO  BaseClass:22 - Login successful
2026-06-25 14:44:52 INFO  BaseClass:39 - ======== browser closed ================
2026-06-25 14:44:53 INFO  BaseClass:41 - ============= execution completed ===========
2026-06-25 14:44:53 INFO  BaseClass:28 - ===============  Test Execution Started ==============
2026-06-25 14:44:55 INFO  BaseClass:34 - ==================== application opned =======================
2026-06-25 14:45:02 INFO  BaseClass:39 - ======== browser closed ================
2026-06-25 14:45:03 INFO  BaseClass:41 - ============= execution completed ===========
2026-06-25 14:45:03 INFO  BaseClass:28 - ===============  Test Execution Started ==============
2026-06-25 14:45:05 INFO  BaseClass:34 - ==================== application opned =======================
2026-06-25 14:45:05 INFO  BaseClass:20 - ====== user is on login page ======
2026-06-25 14:45:06 INFO  BaseClass:24 - Login successful
2026-06-25 14:45:17 INFO  BaseClass:37 - Two Products Added Successfully
2026-06-25 14:45:17 INFO  BaseClass:39 - ======== browser closed ================
2026-06-25 14:45:18 INFO  BaseClass:41 - ============= execution completed ===========
2026-06-25 14:45:18 INFO  BaseClass:28 - ===============  Test Execution Started ==============
2026-06-25 14:45:20 INFO  BaseClass:34 - ==================== application opned =======================
2026-06-25 14:45:36 INFO  BaseClass:33 - Product removed successfully
2026-06-25 14:45:36 INFO  BaseClass:39 - ======== browser closed ================
2026-06-25 14:45:37 INFO  BaseClass:41 - ============= execution completed ===========
2026-06-25 14:45:37 INFO  BaseClass:28 - ===============  Test Execution Started ==============
2026-06-25 14:45:39 INFO  BaseClass:34 - ==================== application opned =======================
2026-06-25 14:45:48 INFO  BaseClass:41 - Continue shopping flow completed successfully
2026-06-25 14:45:48 INFO  BaseClass:39 - ======== browser closed ================
2026-06-25 14:45:49 INFO  BaseClass:41 - ============= execution completed ===========
2026-06-25 14:45:49 INFO  BaseClass:28 - ===============  Test Execution Started ==============
2026-06-25 14:45:51 INFO  BaseClass:34 - ==================== application opned =======================
2026-06-25 14:45:51 INFO  BaseClass:20 - ====== user is on login page ======
2026-06-25 14:45:52 INFO  BaseClass:24 - Login successful
2026-06-25 14:45:52 INFO  BaseClass:28 - ====== add item to cart ==========
2026-06-25 14:45:58 INFO  BaseClass:36 - Cart page opened successfully
2026-06-25 14:46:05 INFO  BaseClass:46 - Checkout page opened successfully
2026-06-25 14:46:05 INFO  BaseClass:39 - ======== browser closed ================
2026-06-25 14:46:05 INFO  BaseClass:41 - ============= execution completed ===========
2026-06-25 14:46:05 INFO  BaseClass:28 - ===============  Test Execution Started ==============
2026-06-25 14:46:07 INFO  BaseClass:34 - ==================== application opned =======================
2026-06-25 14:46:07 INFO  BaseClass:21 - ====== User is on Login Page ======
2026-06-25 14:46:08 INFO  BaseClass:25 - Login Successful
2026-06-25 14:46:15 INFO  BaseClass:30 - Product Added To Cart
2026-06-25 14:46:21 INFO  BaseClass:35 - Checkout Button Clicked
2026-06-25 14:46:25 INFO  BaseClass:41 - Checkout Information Entered
2026-06-25 14:46:25 INFO  BaseClass:47 - Checkout Overview Page Opened Successfully
2026-06-25 14:46:25 INFO  BaseClass:39 - ======== browser closed ================
2026-06-25 14:46:25 INFO  BaseClass:41 - ============= execution completed ===========
2026-06-25 14:46:25 INFO  BaseClass:28 - ===============  Test Execution Started ==============
2026-06-25 14:46:28 INFO  BaseClass:34 - ==================== application opned =======================
2026-06-25 14:46:49 INFO  BaseClass:54 - Order Placed Successfully
2026-06-25 14:46:49 INFO  BaseClass:39 - ======== browser closed ================
2026-06-25 14:46:49 INFO  BaseClass:41 - ============= execution completed ===========
2026-06-25 14:46:49 INFO  BaseClass:28 - ===============  Test Execution Started ==============
2026-06-25 14:46:51 INFO  BaseClass:34 - ==================== application opned =======================
2026-06-25 14:47:12 INFO  BaseClass:55 - Order Placed Successfully
2026-06-25 14:47:17 INFO  BaseClass:39 - ======== browser closed ================
2026-06-25 14:47:17 INFO  BaseClass:41 - ============= execution completed ===========
2026-06-25 14:47:17 INFO  BaseClass:28 - ===============  Test Execution Started ==============
2026-06-25 14:47:19 INFO  BaseClass:34 - ==================== application opned =======================
2026-06-25 14:47:40 INFO  BaseClass:56 - Order Placed Successfully
2026-06-25 14:47:49 INFO  BaseClass:39 - ======== browser closed ================
2026-06-25 14:47:49 INFO  BaseClass:41 - ============= execution completed ===========
